Running: E:\XILINX\14.4\ISE_DS\ISE\bin\nt64\unwrapped\fuse.exe -intstyle ise -incremental -lib unisims_ver -lib unimacro_ver -lib xilinxcorelib_ver -lib secureip -o E:/XILINX/project/CPU/CPU_main_isim_beh.exe -prj E:/XILINX/project/CPU/CPU_main_beh.prj work.CPU_main work.glbl 
ISim P.49d (signature 0x7708f090)
Number of CPUs detected in this system: 4
Turning on mult-threading, number of parallel sub-compilation jobs: 8 
Determining compilation order of HDL files
WARNING:Simulator:1010 - One or more environment variables have been detected which affect the operation of the C compiler. These are typically not set in standard installations and are not tested by Xilinx, however they may be appropriate for your system, so the flow will attempt to continue.  If errors occur, try running fuse with the "-mt off -v 1" switches to see more information from the C compiler. The following environment variables have been detected:
Analyzing Verilog file "E:/XILINX/project/CPU/Shift.v" into library work
Analyzing Verilog file "E:/XILINX/project/CPU/RegisterFile.v" into library work
Analyzing Verilog file "E:/XILINX/project/CPU/PC.v" into library work
Analyzing Verilog file "E:/XILINX/project/CPU/InstructionMemory.v" into library work
Analyzing Verilog file "E:/XILINX/project/CPU/Extend.v" into library work
WARNING:HDLCompiler:327 - "E:/XILINX/project/CPU/Extend.v" Line 28: Concatenation with unsized literal; will interpret as 32 bits
Analyzing Verilog file "E:/XILINX/project/CPU/DataSelect5.v" into library work
Analyzing Verilog file "E:/XILINX/project/CPU/DataSelect.v" into library work
Analyzing Verilog file "E:/XILINX/project/CPU/DataMemory.v" into library work
Analyzing Verilog file "E:/XILINX/project/CPU/CU.v" into library work
Analyzing Verilog file "E:/XILINX/project/CPU/ALU.v" into library work
Analyzing Verilog file "E:/XILINX/project/CPU/Add.v" into library work
Analyzing Verilog file "E:/XILINX/project/CPU/CPU_main.v" into library work
Analyzing Verilog file "E:/XILINX/14.4/ISE_DS/ISE//verilog/src/glbl.v" into library work
Starting static elaboration
WARNING:HDLCompiler:327 - "E:/XILINX/project/CPU/Extend.v" Line 28: Concatenation with unsized literal; will interpret as 32 bits
Completed static elaboration
Compiling module PC
Compiling module InstructionMemory
Compiling module CU
Compiling module DataSelect5
Compiling module RegisterFile
Compiling module Extend
Compiling module Shift
Compiling module Add
Compiling module DataSelect
Compiling module ALU
Compiling module DataMemory
Compiling module CPU_main
Compiling module glbl
Time Resolution for simulation is 1ps.
Waiting for 6 sub-compilation(s) to finish...
WARNING:Simulator - Unable to copy libPortabilityNOSH.dll to the simulation executable directory: boost::filesystem::copy_file: 系统找不到指定的路径。, "isim\CPU_main_isim_beh.exe.sim\libPortability.dll".
Compiled 13 Verilog Units
Built simulation executable E:/XILINX/project/CPU/CPU_main_isim_beh.exe
Fuse Memory Usage: 28032 KB
Fuse CPU Usage: 530 ms
